<?xml version="1.0" encoding="UTF-8"?>
<testng-results ignored="0" total="1" passed="1" failed="0" skipped="0">
  <reporter-output>
  </reporter-output>
  <suite started-at="2023-05-18T20:58:29 EDT" name="Default suite" finished-at="2023-05-18T20:59:04 EDT" duration-ms="35148">
    <groups>
    </groups>
    <test started-at="2023-05-18T20:58:29 EDT" name="Default test" finished-at="2023-05-18T20:59:04 EDT" duration-ms="35148">
      <class name="AmazonProject.Amazon.basetest">
        <test-method is-config="true" signature="beforeMethod()[pri:0, instance:AmazonProject.Amazon.basetest@79da8dc5]" started-at="2023-05-18T20:58:29 EDT" name="beforeMethod" finished-at="2023-05-18T20:58:38 EDT" duration-ms="8924" status="PASS">
          <reporter-output>
          </reporter-output>
        </test-method> <!-- beforeMethod -->
        <test-method signature="addProduct()[pri:0, instance:AmazonProject.Amazon.basetest@79da8dc5]" started-at="2023-05-18T20:58:38 EDT" name="addProduct" finished-at="2023-05-18T20:59:04 EDT" duration-ms="26016" status="PASS">
          <reporter-output>
          </reporter-output>
        </test-method> <!-- addProduct -->
        <test-method is-config="true" signature="afterMethod()[pri:0, instance:AmazonProject.Amazon.basetest@79da8dc5]" started-at="2023-05-18T20:59:04 EDT" name="afterMethod" finished-at="2023-05-18T20:59:04 EDT" duration-ms="168" status="PASS">
          <reporter-output>
          </reporter-output>
        </test-method> <!-- afterMethod -->
      </class> <!-- AmazonProject.Amazon.basetest -->
    </test> <!-- Default test -->
  </suite> <!-- Default suite -->
</testng-results>
